<?xml version="1.0" encoding="UTF-8"?>
<testsuite name="com.efrei.gererparcitapp.GreeterControllerTest" tests="1" skipped="0" failures="0" errors="0" timestamp="2024-04-02T15:42:22" hostname="LAPTOP-RO68013O" time="0.802">
  <properties/>
  <testcase name="testHelloEndpoint()" classname="com.efrei.gererparcitapp.GreeterControllerTest" time="0.802"/>
  <system-out><![CDATA[17:42:21.056 [Test worker] INFO org.springframework.test.context.support.AnnotationConfigContextLoaderUtils -- Could not detect default configuration classes for test class [com.efrei.gererparcitapp.GreeterControllerTest]: GreeterControllerTest does not declare any static, non-private, non-final, nested classes annotated with @Configuration.
17:42:21.188 [Test worker] INFO org.springframework.boot.test.context.SpringBootTestContextBootstrapper -- Found @SpringBootConfiguration com.efrei.gererparcitapp.GererParcItAppApplication for test class com.efrei.gererparcitapp.GreeterControllerTest

  .   ____          _            __ _ _
 /\\ / ___'_ __ _ _(_)_ __  __ _ \ \ \ \
( ( )\___ | '_ | '_| | '_ \/ _` | \ \ \ \
 \\/  ___)| |_)| | | | | || (_| |  ) ) ) )
  '  |____| .__|_| |_|_| |_\__, | / / / /
 =========|_|==============|___/=/_/_/_/
 :: Spring Boot ::                (v3.2.4)

2024-04-02T17:42:21.576+02:00  INFO 5100 --- [gerer-parc-it-app] [    Test worker] c.e.g.GreeterControllerTest              : Starting GreeterControllerTest using Java 17.0.10 with PID 5100 (started by saido in C:\Users\saido\Desktop\gestion-parc-it-app-main\gerer-parc-it-app)
2024-04-02T17:42:21.578+02:00  INFO 5100 --- [gerer-parc-it-app] [    Test worker] c.e.g.GreeterControllerTest              : No active profile set, falling back to 1 default profile: "default"
2024-04-02T17:42:22.676+02:00  INFO 5100 --- [gerer-parc-it-app] [    Test worker] o.s.b.t.m.w.SpringBootMockServletContext : Initializing Spring TestDispatcherServlet ''
2024-04-02T17:42:22.677+02:00  INFO 5100 --- [gerer-parc-it-app] [    Test worker] o.s.t.web.servlet.TestDispatcherServlet  : Initializing Servlet ''
2024-04-02T17:42:22.679+02:00  INFO 5100 --- [gerer-parc-it-app] [    Test worker] o.s.t.web.servlet.TestDispatcherServlet  : Completed initialization in 1 ms
2024-04-02T17:42:22.709+02:00  INFO 5100 --- [gerer-parc-it-app] [    Test worker] c.e.g.GreeterControllerTest              : Started GreeterControllerTest in 1.367 seconds (process running for 2.554)
]]></system-out>
  <system-err><![CDATA[]]></system-err>
</testsuite>
